\BOOKMARK [1][-]{section.1}{\376\377\0002\0000\0001\0008}{}% 1
\BOOKMARK [2][-]{subsection.1.1}{\376\377\000T\000e\000x\000t\000\040\0001}{section.1}% 2
\BOOKMARK [2][-]{subsection.1.2}{\376\377\000T\000e\000x\000t\000\040\0002}{section.1}% 3
\BOOKMARK [2][-]{subsection.1.3}{\376\377\000T\000e\000x\000t\000\040\0003}{section.1}% 4
\BOOKMARK [2][-]{subsection.1.4}{\376\377\000T\000e\000x\000t\000\040\0004}{section.1}% 5
\BOOKMARK [1][-]{section.2}{\376\377\0002\0000\0001\0007}{}% 6
\BOOKMARK [2][-]{subsection.2.1}{\376\377\000T\000e\000x\000t\000\040\0001}{section.2}% 7
\BOOKMARK [2][-]{subsection.2.2}{\376\377\000T\000e\000x\000t\000\040\0002}{section.2}% 8
\BOOKMARK [2][-]{subsection.2.3}{\376\377\000T\000e\000x\000t\000\040\0003}{section.2}% 9
\BOOKMARK [2][-]{subsection.2.4}{\376\377\000T\000e\000x\000t\000\040\0004}{section.2}% 10
\BOOKMARK [1][-]{section.3}{\376\377\0002\0000\0001\0006}{}% 11
\BOOKMARK [2][-]{subsection.3.1}{\376\377\000T\000e\000x\000t\000\040\0001}{section.3}% 12
\BOOKMARK [2][-]{subsection.3.2}{\376\377\000T\000e\000x\000t\000\040\0002}{section.3}% 13
\BOOKMARK [2][-]{subsection.3.3}{\376\377\000T\000e\000x\000t\000\040\0003}{section.3}% 14
\BOOKMARK [2][-]{subsection.3.4}{\376\377\000T\000e\000x\000t\000\040\0004}{section.3}% 15
\BOOKMARK [1][-]{section.4}{\376\377\0002\0000\0001\0005}{}% 16
\BOOKMARK [2][-]{subsection.4.1}{\376\377\000T\000e\000x\000t\000\040\0001}{section.4}% 17
\BOOKMARK [2][-]{subsection.4.2}{\376\377\000T\000e\000x\000t\000\040\0002}{section.4}% 18
\BOOKMARK [2][-]{subsection.4.3}{\376\377\000T\000e\000x\000t\000\040\0003}{section.4}% 19
\BOOKMARK [2][-]{subsection.4.4}{\376\377\000T\000e\000x\000t\000\040\0004}{section.4}% 20
\BOOKMARK [1][-]{section.5}{\376\377\0002\0000\0001\0004}{}% 21
\BOOKMARK [2][-]{subsection.5.1}{\376\377\000T\000e\000x\000t\000\040\0001}{section.5}% 22
\BOOKMARK [2][-]{subsection.5.2}{\376\377\000T\000e\000x\000t\000\040\0002}{section.5}% 23
\BOOKMARK [2][-]{subsection.5.3}{\376\377\000T\000e\000x\000t\000\040\0003}{section.5}% 24
\BOOKMARK [2][-]{subsection.5.4}{\376\377\000T\000e\000x\000t\000\040\0004}{section.5}% 25
\BOOKMARK [1][-]{section.6}{\376\377\0002\0000\0001\0003}{}% 26
\BOOKMARK [2][-]{subsection.6.1}{\376\377\000T\000e\000x\000t\000\040\0001}{section.6}% 27
\BOOKMARK [2][-]{subsection.6.2}{\376\377\000T\000e\000x\000t\000\040\0002}{section.6}% 28
\BOOKMARK [2][-]{subsection.6.3}{\376\377\000T\000e\000x\000t\000\040\0003}{section.6}% 29
\BOOKMARK [2][-]{subsection.6.4}{\376\377\000T\000e\000x\000t\000\040\0004}{section.6}% 30
\BOOKMARK [1][-]{section.7}{\376\377\0002\0000\0001\0002}{}% 31
\BOOKMARK [2][-]{subsection.7.1}{\376\377\000T\000e\000x\000t\000\040\0001}{section.7}% 32
\BOOKMARK [2][-]{subsection.7.2}{\376\377\000T\000e\000x\000t\000\040\0002}{section.7}% 33
\BOOKMARK [2][-]{subsection.7.3}{\376\377\000T\000e\000x\000t\000\040\0003}{section.7}% 34
\BOOKMARK [2][-]{subsection.7.4}{\376\377\000T\000e\000x\000t\000\040\0004}{section.7}% 35
\BOOKMARK [1][-]{section.8}{\376\377\0002\0000\0001\0001}{}% 36
\BOOKMARK [2][-]{subsection.8.1}{\376\377\000T\000e\000x\000t\000\040\0001}{section.8}% 37
\BOOKMARK [2][-]{subsection.8.2}{\376\377\000T\000e\000x\000t\000\040\0002}{section.8}% 38
\BOOKMARK [2][-]{subsection.8.3}{\376\377\000T\000e\000x\000t\000\040\0003}{section.8}% 39
\BOOKMARK [2][-]{subsection.8.4}{\376\377\000T\000e\000x\000t\000\040\0004}{section.8}% 40
\BOOKMARK [1][-]{section.9}{\376\377\0002\0000\0001\0000}{}% 41
\BOOKMARK [2][-]{subsection.9.1}{\376\377\000T\000e\000x\000t\000\040\0001}{section.9}% 42
\BOOKMARK [2][-]{subsection.9.2}{\376\377\000T\000e\000x\000t\000\040\0002}{section.9}% 43
\BOOKMARK [2][-]{subsection.9.3}{\376\377\000T\000e\000x\000t\000\040\0003}{section.9}% 44
\BOOKMARK [2][-]{subsection.9.4}{\376\377\000T\000e\000x\000t\000\040\0004}{section.9}% 45
\BOOKMARK [1][-]{section.10}{\376\377\0002\0000\0000\0009}{}% 46
\BOOKMARK [2][-]{subsection.10.1}{\376\377\000T\000e\000x\000t\000\040\0001}{section.10}% 47
\BOOKMARK [2][-]{subsection.10.2}{\376\377\000T\000e\000x\000t\000\040\0002}{section.10}% 48
\BOOKMARK [2][-]{subsection.10.3}{\376\377\000T\000e\000x\000t\000\040\0003}{section.10}% 49
\BOOKMARK [2][-]{subsection.10.4}{\376\377\000T\000e\000x\000t\000\040\0004}{section.10}% 50
\BOOKMARK [1][-]{section.11}{\376\377\0002\0000\0000\0008}{}% 51
\BOOKMARK [2][-]{subsection.11.1}{\376\377\000T\000e\000x\000t\000\040\0001}{section.11}% 52
\BOOKMARK [2][-]{subsection.11.2}{\376\377\000T\000e\000x\000t\000\040\0002}{section.11}% 53
\BOOKMARK [2][-]{subsection.11.3}{\376\377\000T\000e\000x\000t\000\040\0003}{section.11}% 54
\BOOKMARK [2][-]{subsection.11.4}{\376\377\000T\000e\000x\000t\000\040\0004}{section.11}% 55
\BOOKMARK [1][-]{section.12}{\376\377\0002\0000\0000\0007}{}% 56
\BOOKMARK [2][-]{subsection.12.1}{\376\377\000T\000e\000x\000t\000\040\0001}{section.12}% 57
\BOOKMARK [2][-]{subsection.12.2}{\376\377\000T\000e\000x\000t\000\040\0002}{section.12}% 58
\BOOKMARK [2][-]{subsection.12.3}{\376\377\000T\000e\000x\000t\000\040\0003}{section.12}% 59
\BOOKMARK [2][-]{subsection.12.4}{\376\377\000T\000e\000x\000t\000\040\0004}{section.12}% 60
\BOOKMARK [1][-]{section.13}{\376\377\0002\0000\0000\0006}{}% 61
\BOOKMARK [2][-]{subsection.13.1}{\376\377\000T\000e\000x\000t\000\040\0001}{section.13}% 62
\BOOKMARK [2][-]{subsection.13.2}{\376\377\000T\000e\000x\000t\000\040\0002}{section.13}% 63
\BOOKMARK [2][-]{subsection.13.3}{\376\377\000T\000e\000x\000t\000\040\0003}{section.13}% 64
\BOOKMARK [2][-]{subsection.13.4}{\376\377\000T\000e\000x\000t\000\040\0004}{section.13}% 65
\BOOKMARK [1][-]{section.14}{\376\377\0002\0000\0000\0005}{}% 66
\BOOKMARK [2][-]{subsection.14.1}{\376\377\000T\000e\000x\000t\000\040\0001}{section.14}% 67
\BOOKMARK [2][-]{subsection.14.2}{\376\377\000T\000e\000x\000t\000\040\0002}{section.14}% 68
\BOOKMARK [2][-]{subsection.14.3}{\376\377\000T\000e\000x\000t\000\040\0003}{section.14}% 69
\BOOKMARK [2][-]{subsection.14.4}{\376\377\000T\000e\000x\000t\000\040\0004}{section.14}% 70
\BOOKMARK [1][-]{section.15}{\376\377\0002\0000\0000\0004}{}% 71
\BOOKMARK [2][-]{subsection.15.1}{\376\377\000T\000e\000x\000t\000\040\0002}{section.15}% 72
\BOOKMARK [2][-]{subsection.15.2}{\376\377\000T\000e\000x\000t\000\040\0003}{section.15}% 73
\BOOKMARK [2][-]{subsection.15.3}{\376\377\000T\000e\000x\000t\000\040\0004}{section.15}% 74
\BOOKMARK [1][-]{section.16}{\376\377\0002\0000\0000\0003\136\164\121\150\167\037\213\325\230\230}{}% 75
\BOOKMARK [2][-]{subsection.16.1}{\376\377\000T\000e\000x\000t\000\040\0001\000\040\000S\000y\000i\000e\000s\000\040\000L\000i\000k\000e\000\040\000U\000s}{section.16}% 76
\BOOKMARK [2][-]{subsection.16.2}{\376\377\000T\000e\000x\000t\000\040\0002\000\040\000A\000n\000i\000m\000a\000l\000\040\000R\000i\000g\000h\000t\000s\000:\000R\000e\000a\000c\000h\000i\000n\000g\000\040\000t\000h\000e\000\040\000P\000u\000b\000l\000i\000c}{section.16}% 77
\BOOKMARK [2][-]{subsection.16.3}{\376\377\000T\000e\000x\000t\000\040\0003\000\040\224\301\215\357\121\154\123\370\124\010\136\166\123\357\200\375\220\040\142\020\127\204\145\255}{section.16}% 78
\BOOKMARK [2][-]{subsection.16.4}{\376\377\000T\000e\000x\000t\000\040\0004\000\040\000T\000h\000e\000\040\000B\000e\000s\000t\000\040\000H\000e\000a\000l\000t\000h\000\040\000C\000a\000r\000e\000\040\000O\000n\000l\000y\000\040\000S\000o\000\040\000F\000a\000r}{section.16}% 79
\BOOKMARK [1][-]{section.17}{\376\377\0002\0000\0000\0002\136\164\121\150\167\037\213\325\230\230}{}% 80
\BOOKMARK [2][-]{subsection.17.1}{\376\377\000T\000e\000x\000t\0001\000\040\000U\000s\000e\000\040\000H\000u\000m\000o\000r\000\040\000E\000f\000f\000e\000c\000t\000i\000v\000e\000l\000y}{section.17}% 81
\BOOKMARK [2][-]{subsection.17.2}{\376\377\000T\000e\000x\000t\0002\000\040\000H\000o\000p\000e\000:\000R\000e\000u\000n\000i\000f\000i\000c\000a\000t\000i\000o\000n\000\040\000o\000f\000\040\000M\000a\000n\000k\000i\000n\000d}{section.17}% 82
\BOOKMARK [2][-]{subsection.17.3}{\376\377\000T\000e\000x\000t\0003\000\040\000O\000i\000l\000\040\000P\000l\000e\000a\000s\000a\000n\000t\000\040\000S\000u\000r\000p\000r\000i\000s\000e}{section.17}% 83
\BOOKMARK [2][-]{subsection.17.4}{\376\377\000T\000e\000x\000t\0004\000\040\123\073\122\251\201\352\147\100\116\113\116\211}{section.17}% 84
\BOOKMARK [1][-]{section.18}{\376\377\0002\0000\0000\0001\136\164\121\150\167\037\213\325\230\230}{}% 85
\BOOKMARK [2][-]{subsection.18.1}{\376\377\000T\000e\000x\000t\000\040\0001\000\040\171\321\133\146\123\321\134\125\166\204\200\114\116\032\123\026\116\016\116\023\116\032\123\026}{section.18}% 86
\BOOKMARK [2][-]{subsection.18.2}{\376\377\000T\000e\000x\000t\000\040\0002\000\040\000C\000a\000n\000\040\000w\000e\000\040\000e\000n\000d\000\040\000w\000o\000r\000l\000d\000\040\000p\000o\000v\000e\000r\000t\000y\000?}{section.18}% 87
\BOOKMARK [2][-]{subsection.18.3}{\376\377\000T\000e\000x\000t\000\040\0003\000\040\177\216\126\375\142\245\116\032\220\155\123\327\116\015\117\341\116\373\123\161\147\072}{section.18}% 88
\BOOKMARK [2][-]{subsection.18.4}{\376\377\000T\000e\000x\000t\000\040\0004}{section.18}% 89
\BOOKMARK [2][-]{subsection.18.5}{\376\377\000T\000e\000x\000t\000\040\0005}{section.18}% 90
\BOOKMARK [1][-]{section.19}{\376\377\0002\0000\0000\0000}{}% 91
\BOOKMARK [2][-]{subsection.19.1}{\376\377\000T\000e\000x\000t\000\040\0001}{section.19}% 92
\BOOKMARK [2][-]{subsection.19.2}{\376\377\000T\000e\000x\000t\000\040\0002}{section.19}% 93
\BOOKMARK [2][-]{subsection.19.3}{\376\377\000T\000e\000x\000t\000\040\0003}{section.19}% 94
\BOOKMARK [2][-]{subsection.19.4}{\376\377\000T\000e\000x\000t\000\040\0004}{section.19}% 95
\BOOKMARK [2][-]{subsection.19.5}{\376\377\000T\000e\000x\000t\000\040\0005}{section.19}% 96
\BOOKMARK [1][-]{section.20}{\376\377\0001\0009\0009\0009}{}% 97
\BOOKMARK [2][-]{subsection.20.1}{\376\377\000T\000e\000x\000t\000\040\0001}{section.20}% 98
\BOOKMARK [2][-]{subsection.20.2}{\376\377\000T\000e\000x\000t\000\040\0002}{section.20}% 99
\BOOKMARK [2][-]{subsection.20.3}{\376\377\000T\000e\000x\000t\000\040\0003}{section.20}% 100
\BOOKMARK [2][-]{subsection.20.4}{\376\377\000T\000e\000x\000t\000\040\0004}{section.20}% 101
\BOOKMARK [2][-]{subsection.20.5}{\376\377\000T\000e\000x\000t\000\040\0005}{section.20}% 102
\BOOKMARK [1][-]{section.21}{\376\377\0001\0009\0009\0008}{}% 103
\BOOKMARK [2][-]{subsection.21.1}{\376\377\000T\000e\000x\000t\000\040\0001}{section.21}% 104
\BOOKMARK [2][-]{subsection.21.2}{\376\377\000T\000e\000x\000t\000\040\0002}{section.21}% 105
\BOOKMARK [2][-]{subsection.21.3}{\376\377\000T\000e\000x\000t\000\040\0003}{section.21}% 106
\BOOKMARK [2][-]{subsection.21.4}{\376\377\000T\000e\000x\000t\000\040\0004}{section.21}% 107
\BOOKMARK [2][-]{subsection.21.5}{\376\377\000T\000e\000x\000t\000\040\0005}{section.21}% 108
\BOOKMARK [1][-]{section.22}{\376\377\0001\0009\0009\0007}{}% 109
\BOOKMARK [2][-]{subsection.22.1}{\376\377\000T\000e\000x\000t\000\040\0001}{section.22}% 110
\BOOKMARK [2][-]{subsection.22.2}{\376\377\000T\000e\000x\000t\000\040\0002}{section.22}% 111
\BOOKMARK [2][-]{subsection.22.3}{\376\377\000T\000e\000x\000t\000\040\0003}{section.22}% 112
\BOOKMARK [2][-]{subsection.22.4}{\376\377\000T\000e\000x\000t\000\040\0004}{section.22}% 113
\BOOKMARK [2][-]{subsection.22.5}{\376\377\000T\000e\000x\000t\000\040\0005}{section.22}% 114
